This is pdfTeX, Version 3.1415926-2.4-1.40.13 (MiKTeX 2.9) (preloaded format=pdflatex 2013.9.18)  1 FEB 2017 09:50
entering extended mode
**main.tex

(C:\Users\User\Desktop\–û–±—Ä–∞–∑—Ü—ã\–¢–µ–•\–¢–µ–•-–£–ü_–ì–ª–∞–≤–∞_–†–∞–∑–¥–µ–
ª_–ö–æ–ª–æ–Ω—Ç–∏—Ç—É–ª\main.tex
LaTeX2e <2011/06/27>
Babel <v3.8m> and hyphenation patterns for english, afrikaans, ancientgreek, ar
abic, armenian, assamese, basque, bengali, bokmal, bulgarian, catalan, coptic, 
croatian, czech, danish, dutch, esperanto, estonian, farsi, finnish, french, ga
lician, german, german-x-2012-05-30, greek, gujarati, hindi, hungarian, iceland
ic, indonesian, interlingua, irish, italian, kannada, kurmanji, latin, latvian,
 lithuanian, malayalam, marathi, mongolian, mongolianlmc, monogreek, ngerman, n
german-x-2012-05-30, nynorsk, oriya, panjabi, pinyin, polish, portuguese, roman
ian, russian, sanskrit, serbian, slovak, slovenian, spanish, swedish, swissgerm
an, tamil, telugu, turkish, turkmen, ukenglish, ukrainian, uppersorbian, usengl
ishmax, welsh, loaded.
("C:\Program Files (x86)\MiKTeX 2.9\tex\latex\base\report.cls"
Document Class: report 2007/10/19 v1.4h Standard LaTeX document class
("C:\Program Files (x86)\MiKTeX 2.9\tex\latex\base\size10.clo"
File: size10.clo 2007/10/19 v1.4h Standard LaTeX file (size option)
)
\c@part=\count79
\c@chapter=\count80
\c@section=\count81
\c@subsection=\count82
\c@subsubsection=\count83
\c@paragraph=\count84
\c@subparagraph=\count85
\c@figure=\count86
\c@table=\count87
\abovecaptionskip=\skip41
\belowcaptionskip=\skip42
\bibindent=\dimen102
)
("C:\Program Files (x86)\MiKTeX 2.9\tex\latex\base\fontenc.sty"
Package: fontenc 2005/09/27 v1.99g Standard LaTeX package

("C:\Program Files (x86)\MiKTeX 2.9\tex\latex\cyrillic\t2aenc.def"
File: t2aenc.def 2005/09/27 v1.0i Cyrillic encoding definition file
)
LaTeX Font Info:    Try loading font information for T2A+cmr on input line 100.


("C:\Program Files (x86)\MiKTeX 2.9\tex\latex\cyrillic\t2acmr.fd"
File: t2acmr.fd 2001/08/11 v1.0a Computer Modern Cyrillic font definitions
))
("C:\Program Files (x86)\MiKTeX 2.9\tex\latex\base\inputenc.sty"
Package: inputenc 2008/03/30 v1.1d Input encoding file
\inpenc@prehook=\toks14
\inpenc@posthook=\toks15

("C:\Program Files (x86)\MiKTeX 2.9\tex\latex\cyrillic\cp1251.def"
File: cp1251.def 1999/11/16 v1.0d Input encoding file
))
("C:\Program Files (x86)\MiKTeX 2.9\tex\generic\babel\babel.sty"
Package: babel 2008/07/08 v3.8m The Babel package

*************************************
* Local config file bblopts.cfg used
*
("C:\Program Files (x86)\MiKTeX 2.9\tex\latex\00miktex\bblopts.cfg"
File: bblopts.cfg 2006/07/31 v1.0 MiKTeX 'babel' configuration
)
(C:\Users\User\AppData\Roaming\MiKTeX\2.9\tex\latex\babel-russian\russianb.ldf
Language: russianb 2016/02/18 1.3h Russian support for the Babel system

("C:\Program Files (x86)\MiKTeX 2.9\tex\generic\babel\babel.def"
File: babel.def 2008/07/08 v3.8m Babel common definitions
\babel@savecnt=\count88
\U@D=\dimen103
)
Package babel Info: Making " an active character on input line 111.
))
("C:\Program Files (x86)\MiKTeX 2.9\tex\latex\base\latexsym.sty"
Package: latexsym 1998/08/17 v2.2e Standard LaTeX package (lasy symbols)
\symlasy=\mathgroup4
LaTeX Font Info:    Overwriting symbol font `lasy' in version `bold'
(Font)                  U/lasy/m/n --> U/lasy/b/n on input line 47.
)
("C:\Program Files (x86)\MiKTeX 2.9\tex\latex\amsfonts\eucal.sty"
Package: eucal 2009/06/22 v3.00 Euler Script fonts
LaTeX Font Info:    Overwriting math alphabet `\EuScript' in version `bold'
(Font)                  U/eus/m/n --> U/eus/b/n on input line 33.
)
("C:\Program Files (x86)\MiKTeX 2.9\tex\latex\tools\bm.sty"
Package: bm 2004/02/26 v1.1c Bold Symbol Support (DPC/FMi)
\symboldoperators=\mathgroup5
\symboldletters=\mathgroup6
\symboldsymbols=\mathgroup7
\symboldlasy=\mathgroup8
LaTeX Font Info:    Redeclaring math alphabet \mathbf on input line 138.
LaTeX Info: Redefining \bm on input line 204.
)
("C:\Program Files (x86)\MiKTeX 2.9\tex\latex\graphics\color.sty"
Package: color 2005/11/14 v1.0j Standard LaTeX Color (DPC)

("C:\Program Files (x86)\MiKTeX 2.9\tex\latex\00miktex\color.cfg"
File: color.cfg 2007/01/18 v1.5 color configuration of teTeX/TeXLive
)
Package color Info: Driver file: pdftex.def on input line 130.

("C:\Program Files (x86)\MiKTeX 2.9\tex\latex\pdftex-def\pdftex.def"
File: pdftex.def 2011/05/27 v0.06d Graphics/color for pdfTeX

("C:\Program Files (x86)\MiKTeX 2.9\tex\generic\oberdiek\infwarerr.sty"
Package: infwarerr 2010/04/08 v1.3 Providing info/warning/error messages (HO)
)
("C:\Program Files (x86)\MiKTeX 2.9\tex\generic\oberdiek\ltxcmds.sty"
Package: ltxcmds 2011/11/09 v1.22 LaTeX kernel commands for general use (HO)
)
\Gread@gobject=\count89
))
("C:\Program Files (x86)\MiKTeX 2.9\tex\latex\amsfonts\amsfonts.sty"
Package: amsfonts 2013/01/14 v3.01 Basic AMSFonts support
\@emptytoks=\toks16
\symAMSa=\mathgroup9
\symAMSb=\mathgroup10
LaTeX Font Info:    Overwriting math alphabet `\mathfrak' in version `bold'
(Font)                  U/euf/m/n --> U/euf/b/n on input line 106.
)
("C:\Program Files (x86)\MiKTeX 2.9\tex\latex\amsmath\amsmath.sty"
Package: amsmath 2013/01/14 v2.14 AMS math features
\@mathmargin=\skip43

For additional information on amsmath, use the `?' option.
("C:\Program Files (x86)\MiKTeX 2.9\tex\latex\amsmath\amstext.sty"
Package: amstext 2000/06/29 v2.01

("C:\Program Files (x86)\MiKTeX 2.9\tex\latex\amsmath\amsgen.sty"
File: amsgen.sty 1999/11/30 v2.0
\@emptytoks=\toks17
\ex@=\dimen104
))
("C:\Program Files (x86)\MiKTeX 2.9\tex\latex\amsmath\amsbsy.sty"
Package: amsbsy 1999/11/29 v1.2d
LaTeX Info: Redefining \boldsymbol on input line 39.
\pmbraise@=\dimen105
)
("C:\Program Files (x86)\MiKTeX 2.9\tex\latex\amsmath\amsopn.sty"
Package: amsopn 1999/12/14 v2.01 operator names
)
\inf@bad=\count90
LaTeX Info: Redefining \frac on input line 210.
\uproot@=\count91
\leftroot@=\count92
LaTeX Info: Redefining \overline on input line 306.
\classnum@=\count93
\DOTSCASE@=\count94
LaTeX Info: Redefining \ldots on input line 378.
LaTeX Info: Redefining \dots on input line 381.
LaTeX Info: Redefining \cdots on input line 466.
\Mathstrutbox@=\box26
\strutbox@=\box27
\big@size=\dimen106
LaTeX Font Info:    Redeclaring font encoding OML on input line 566.
LaTeX Font Info:    Redeclaring font encoding OMS on input line 567.
\macc@depth=\count95
\c@MaxMatrixCols=\count96
\dotsspace@=\muskip10
\c@parentequation=\count97
\dspbrk@lvl=\count98
\tag@help=\toks18
\row@=\count99
\column@=\count100
\maxfields@=\count101
\andhelp@=\toks19
\eqnshift@=\dimen107
\alignsep@=\dimen108
\tagshift@=\dimen109
\tagwidth@=\dimen110
\totwidth@=\dimen111
\lineht@=\dimen112
\@envbody=\toks20
\multlinegap=\skip44
\multlinetaggap=\skip45
\mathdisplay@stack=\toks21
LaTeX Info: Redefining \[ on input line 2665.
LaTeX Info: Redefining \] on input line 2666.
)
("C:\Program Files (x86)\MiKTeX 2.9\tex\latex\amsfonts\amssymb.sty"
Package: amssymb 2013/01/14 v3.01 AMS font symbols
)
("C:\Program Files (x86)\MiKTeX 2.9\tex\latex\a4wide\a4wide.sty"
Package: a4wide 1994/08/30

("C:\Program Files (x86)\MiKTeX 2.9\tex\latex\ntgclass\a4.sty"
Package: a4 2004/04/15 v1.2g A4 based page layout
))
("C:\Program Files (x86)\MiKTeX 2.9\tex\latex\graphics\epsfig.sty"
Package: epsfig 1999/02/16 v1.7a (e)psfig emulation (SPQR)

("C:\Program Files (x86)\MiKTeX 2.9\tex\latex\graphics\graphicx.sty"
Package: graphicx 1999/02/16 v1.0f Enhanced LaTeX Graphics (DPC,SPQR)

("C:\Program Files (x86)\MiKTeX 2.9\tex\latex\graphics\keyval.sty"
Package: keyval 1999/03/16 v1.13 key=value parser (DPC)
\KV@toks@=\toks22
)
("C:\Program Files (x86)\MiKTeX 2.9\tex\latex\graphics\graphics.sty"
Package: graphics 2009/02/05 v1.0o Standard LaTeX Graphics (DPC,SPQR)

("C:\Program Files (x86)\MiKTeX 2.9\tex\latex\graphics\trig.sty"
Package: trig 1999/03/16 v1.09 sin cos tan (DPC)
)
("C:\Program Files (x86)\MiKTeX 2.9\tex\latex\00miktex\graphics.cfg"
File: graphics.cfg 2007/01/18 v1.5 graphics configuration of teTeX/TeXLive
)
Package graphics Info: Driver file: pdftex.def on input line 91.
)
\Gin@req@height=\dimen113
\Gin@req@width=\dimen114
)
\epsfxsize=\dimen115
\epsfysize=\dimen116
)
("C:\Program Files (x86)\MiKTeX 2.9\tex\latex\hyperref\hyperref.sty"
Package: hyperref 2012/11/06 v6.83m Hypertext links for LaTeX

("C:\Program Files (x86)\MiKTeX 2.9\tex\generic\oberdiek\hobsub-hyperref.sty"
Package: hobsub-hyperref 2012/04/25 v1.12 Bundle oberdiek, subset hyperref (HO)


("C:\Program Files (x86)\MiKTeX 2.9\tex\generic\oberdiek\hobsub-generic.sty"
Package: hobsub-generic 2012/04/25 v1.12 Bundle oberdiek, subset generic (HO)
Package: hobsub 2012/04/25 v1.12 Construct package bundles (HO)
Package hobsub Info: Skipping package `infwarerr' (already loaded).
Package hobsub Info: Skipping package `ltxcmds' (already loaded).
Package: ifluatex 2010/03/01 v1.3 Provides the ifluatex switch (HO)
Package ifluatex Info: LuaTeX not detected.
Package: ifvtex 2010/03/01 v1.5 Detect VTeX and its facilities (HO)
Package ifvtex Info: VTeX not detected.
Package: intcalc 2007/09/27 v1.1 Expandable calculations with integers (HO)
Package: ifpdf 2011/01/30 v2.3 Provides the ifpdf switch (HO)
Package ifpdf Info: pdfTeX in PDF mode is detected.
Package: etexcmds 2011/02/16 v1.5 Avoid name clashes with e-TeX commands (HO)
Package etexcmds Info: Could not find \expanded.
(etexcmds)             That can mean that you are not using pdfTeX 1.50 or
(etexcmds)             that some package has redefined \expanded.
(etexcmds)             In the latter case, load this package earlier.
Package: kvsetkeys 2012/04/25 v1.16 Key value parser (HO)
Package: kvdefinekeys 2011/04/07 v1.3 Define keys (HO)
Package: pdftexcmds 2011/11/29 v0.20 Utility functions of pdfTeX for LuaTeX (HO
)
Package pdftexcmds Info: LuaTeX not detected.
Package pdftexcmds Info: \pdf@primitive is available.
Package pdftexcmds Info: \pdf@ifprimitive is available.
Package pdftexcmds Info: \pdfdraftmode found.
Package: pdfescape 2011/11/25 v1.13 Implements pdfTeX's escape features (HO)
Package: bigintcalc 2012/04/08 v1.3 Expandable calculations on big integers (HO
)
Package: bitset 2011/01/30 v1.1 Handle bit-vector datatype (HO)
Package: uniquecounter 2011/01/30 v1.2 Provide unlimited unique counter (HO)
)
Package hobsub Info: Skipping package `hobsub' (already loaded).
Package: letltxmacro 2010/09/02 v1.4 Let assignment for LaTeX macros (HO)
Package: hopatch 2011/06/24 v1.1 Wrapper for package hooks (HO)
Package: xcolor-patch 2011/01/30 xcolor patch
Package: atveryend 2011/06/30 v1.8 Hooks at the very end of document (HO)
Package atveryend Info: \enddocument detected (standard20110627).
Package: atbegshi 2011/10/05 v1.16 At begin shipout hook (HO)
Package: refcount 2011/10/16 v3.4 Data extraction from label references (HO)
Package: hycolor 2011/01/30 v1.7 Color options for hyperref/bookmark (HO)
)
("C:\Program Files (x86)\MiKTeX 2.9\tex\generic\ifxetex\ifxetex.sty"
Package: ifxetex 2010/09/12 v0.6 Provides ifxetex conditional
)
("C:\Program Files (x86)\MiKTeX 2.9\tex\latex\oberdiek\auxhook.sty"
Package: auxhook 2011/03/04 v1.3 Hooks for auxiliary files (HO)
)
("C:\Program Files (x86)\MiKTeX 2.9\tex\latex\oberdiek\kvoptions.sty"
Package: kvoptions 2011/06/30 v3.11 Key value format for package options (HO)
)
\@linkdim=\dimen117
\Hy@linkcounter=\count102
\Hy@pagecounter=\count103

("C:\Program Files (x86)\MiKTeX 2.9\tex\latex\hyperref\pd1enc.def"
File: pd1enc.def 2012/11/06 v6.83m Hyperref: PDFDocEncoding definition (HO)
)
\Hy@SavedSpaceFactor=\count104
Package hyperref Info: Option `unicode' set `true' on input line 3411.

("C:\Program Files (x86)\MiKTeX 2.9\tex\latex\hyperref\puenc.def"
File: puenc.def 2012/11/06 v6.83m Hyperref: PDF Unicode definition (HO)
)
("C:\Program Files (x86)\MiKTeX 2.9\tex\latex\00miktex\hyperref.cfg"
File: hyperref.cfg 2002/06/06 v1.2 hyperref configuration of TeXLive
)
Package hyperref Info: Hyper figures OFF on input line 4443.
Package hyperref Info: Link nesting OFF on input line 4448.
Package hyperref Info: Hyper index ON on input line 4451.
Package hyperref Info: Plain pages OFF on input line 4458.
Package hyperref Info: Backreferencing OFF on input line 4463.
Package hyperref Info: Implicit mode ON; LaTeX internals redefined.
Package hyperref Info: Bookmarks ON on input line 4688.
\c@Hy@tempcnt=\count105

("C:\Program Files (x86)\MiKTeX 2.9\tex\latex\ltxmisc\url.sty"
\Urlmuskip=\muskip11
Package: url 2006/04/12  ver 3.3  Verb mode for urls, etc.
)
LaTeX Info: Redefining \url on input line 5041.
\XeTeXLinkMargin=\dimen118
\Fld@menulength=\count106
\Field@Width=\dimen119
\Fld@charsize=\dimen120
Package hyperref Info: Hyper figures OFF on input line 6295.
Package hyperref Info: Link nesting OFF on input line 6300.
Package hyperref Info: Hyper index ON on input line 6303.
Package hyperref Info: backreferencing OFF on input line 6310.
Package hyperref Info: Link coloring OFF on input line 6315.
Package hyperref Info: Link coloring with OCG OFF on input line 6320.
Package hyperref Info: PDF/A mode OFF on input line 6325.
LaTeX Info: Redefining \ref on input line 6365.
LaTeX Info: Redefining \pageref on input line 6369.
\Hy@abspage=\count107
\c@Item=\count108
\c@Hfootnote=\count109
)

Package hyperref Message: Driver (autodetected): hpdftex.

("C:\Program Files (x86)\MiKTeX 2.9\tex\latex\hyperref\hpdftex.def"
File: hpdftex.def 2012/11/06 v6.83m Hyperref driver for pdfTeX
\Fld@listcount=\count110
\c@bookmark@seq@number=\count111

("C:\Program Files (x86)\MiKTeX 2.9\tex\latex\oberdiek\rerunfilecheck.sty"
Package: rerunfilecheck 2011/04/15 v1.7 Rerun checks for auxiliary files (HO)
Package uniquecounter Info: New unique counter `rerunfilecheck' on input line 2
82.
)
\Hy@SectionHShift=\skip46
)
("C:\Program Files (x86)\MiKTeX 2.9\tex\latex\cite\cite.sty"
LaTeX Info: Redefining \cite on input line 302.
LaTeX Info: Redefining \nocite on input line 373.
Package: cite 2010/09/10  v 5.3
)
(C:\Users\User\AppData\Roaming\MiKTeX\2.9\tex\latex\ncctools\nccboxes.sty
Package: nccboxes 2005/02/07 v1.2 Additional Boxes (NCC)
\NCC@strutbox=\box28
\NCC@strutsep=\dimen121
)
\c@theorem=\count112
\c@lemma=\count113
\c@corollary=\count114
\c@definition=\count115
\c@property=\count116
\c@example=\count117
\c@remark=\count118
\c@proposition=\count119
\c@hypothesis=\count120
\c@exersize=\count121

(C:\Users\User\Desktop\–û–±—Ä–∞–∑—Ü—ã\–¢–µ–•\–¢–µ–•-–£–ü_–ì–ª–∞–≤–∞_–†–∞–∑–¥–µ–
ª_–ö–æ–ª–æ–Ω—Ç–∏—Ç—É–ª\alex.sty heading names, headings, captions, theorems,
running heads, appendix, \output,
\c@rlistctr=\count122
 quotes,)
(C:\Users\User\Desktop\–û–±—Ä–∞–∑—Ü—ã\–¢–µ–•\–¢–µ–•-–£–ü_–ì–ª–∞–≤–∞_–†–∞–∑–¥–µ–
ª_–ö–æ–ª–æ–Ω—Ç–∏—Ç—É–ª\main.aux
(C:\Users\User\Desktop\–û–±—Ä–∞–∑—Ü—ã\–¢–µ–•\–¢–µ–•-–£–ü_–ì–ª–∞–≤–∞_–†–∞–∑–¥–µ–
ª_–ö–æ–ª–æ–Ω—Ç–∏—Ç—É–ª\section_1.aux)
(C:\Users\User\Desktop\–û–±—Ä–∞–∑—Ü—ã\–¢–µ–•\–¢–µ–•-–£–ü_–ì–ª–∞–≤–∞_–†–∞–∑–¥–µ–
ª_–ö–æ–ª–æ–Ω—Ç–∏—Ç—É–ª\section_2.aux))
LaTeX Font Info:    Checking defaults for OML/cmm/m/it on input line 48.
LaTeX Font Info:    ... okay on input line 48.
LaTeX Font Info:    Checking defaults for T1/cmr/m/n on input line 48.
LaTeX Font Info:    ... okay on input line 48.
LaTeX Font Info:    Checking defaults for OT1/cmr/m/n on input line 48.
LaTeX Font Info:    ... okay on input line 48.
LaTeX Font Info:    Checking defaults for OMS/cmsy/m/n on input line 48.
LaTeX Font Info:    ... okay on input line 48.
LaTeX Font Info:    Checking defaults for OMX/cmex/m/n on input line 48.
LaTeX Font Info:    ... okay on input line 48.
LaTeX Font Info:    Checking defaults for U/cmr/m/n on input line 48.
LaTeX Font Info:    ... okay on input line 48.
LaTeX Font Info:    Checking defaults for T2A/cmr/m/n on input line 48.
LaTeX Font Info:    ... okay on input line 48.
LaTeX Font Info:    Checking defaults for PD1/pdf/m/n on input line 48.
LaTeX Font Info:    ... okay on input line 48.
LaTeX Font Info:    Checking defaults for PU/pdf/m/n on input line 48.
LaTeX Font Info:    ... okay on input line 48.

("C:\Program Files (x86)\MiKTeX 2.9\tex\context\base\supp-pdf.mkii"
[Loading MPS to PDF converter (version 2006.09.02).]
\scratchcounter=\count123
\scratchdimen=\dimen122
\scratchbox=\box29
\nofMPsegments=\count124
\nofMParguments=\count125
\everyMPshowfont=\toks23
\MPscratchCnt=\count126
\MPscratchDim=\dimen123
\MPnumerator=\count127
\makeMPintoPDFobject=\count128
\everyMPtoPDFconversion=\toks24
)
\AtBeginShipoutBox=\box30
Package hyperref Info: Link coloring OFF on input line 48.
 ("C:\Program Files (x86)\MiKTeX 2.9\tex\latex\hyperref\nameref.sty"
Package: nameref 2012/10/27 v2.43 Cross-referencing by name of section

("C:\Program Files (x86)\MiKTeX 2.9\tex\generic\oberdiek\gettitlestring.sty"
Package: gettitlestring 2010/12/03 v1.4 Cleanup title references (HO)
)
\c@section@level=\count129
)
LaTeX Info: Redefining \ref on input line 48.
LaTeX Info: Redefining \pageref on input line 48.
LaTeX Info: Redefining \nameref on input line 48.

(C:\Users\User\Desktop\–û–±—Ä–∞–∑—Ü—ã\–¢–µ–•\–¢–µ–•-–£–ü_–ì–ª–∞–≤–∞_–†–∞–∑–¥–µ–
ª_–ö–æ–ª–æ–Ω—Ç–∏—Ç—É–ª\main.out)
(C:\Users\User\Desktop\–û–±—Ä–∞–∑—Ü—ã\–¢–µ–•\–¢–µ–•-–£–ü_–ì–ª–∞–≤–∞_–†–∞–∑–¥–µ–
ª_–ö–æ–ª–æ–Ω—Ç–∏—Ç—É–ª\main.out)
\@outlinefile=\write3

(C:\Users\User\Desktop\–û–±—Ä–∞–∑—Ü—ã\–¢–µ–•\–¢–µ–•-–£–ü_–ì–ª–∞–≤–∞_–†–∞–∑–¥–µ–
ª_–ö–æ–ª–æ–Ω—Ç–∏—Ç—É–ª\_title.tex [1

{C:/Users/User/AppData/Local/MiKTeX/2.9/pdftex/config/pdftex.map}]
LaTeX Font Info:    Try loading font information for OMS+cmr on input line 109.


("C:\Program Files (x86)\MiKTeX 2.9\tex\latex\base\omscmr.fd"
File: omscmr.fd 1999/05/25 v2.5h Standard LaTeX font definitions
)
LaTeX Font Info:    Font shape `OMS/cmr/m/n' in size <8> not available
(Font)              Font shape `OMS/cmsy/m/n' tried instead on input line 109.
 [2])
(C:\Users\User\Desktop\–û–±—Ä–∞–∑—Ü—ã\–¢–µ–•\–¢–µ–•-–£–ü_–ì–ª–∞–≤–∞_–†–∞–∑–¥–µ–
ª_–ö–æ–ª–æ–Ω—Ç–∏—Ç—É–ª\main.toc
LaTeX Font Info:    Try loading font information for U+lasy on input line 3.

("C:\Program Files (x86)\MiKTeX 2.9\tex\latex\base\ulasy.fd"
File: ulasy.fd 1998/08/17 v2.2e LaTeX symbol font definitions
)
LaTeX Font Info:    Font shape `U/lasy/b/n' in size <7> not available
(Font)              Font shape `U/lasy/m/n' tried instead on input line 3.
LaTeX Font Info:    Font shape `U/lasy/b/n' in size <5> not available
(Font)              Font shape `U/lasy/m/n' tried instead on input line 3.
LaTeX Font Info:    Try loading font information for U+msa on input line 3.

("C:\Program Files (x86)\MiKTeX 2.9\tex\latex\amsfonts\umsa.fd"
File: umsa.fd 2013/01/14 v3.01 AMS symbols A
)
LaTeX Font Info:    Try loading font information for U+msb on input line 3.

("C:\Program Files (x86)\MiKTeX 2.9\tex\latex\amsfonts\umsb.fd"
File: umsb.fd 2013/01/14 v3.01 AMS symbols B
))
\tf@toc=\write4
 [3

]
(C:\Users\User\Desktop\–û–±—Ä–∞–∑—Ü—ã\–¢–µ–•\–¢–µ–•-–£–ü_–ì–ª–∞–≤–∞_–†–∞–∑–¥–µ–
ª_–ö–æ–ª–æ–Ω—Ç–∏—Ç—É–ª\intro.tex [4

]) [5]
(C:\Users\User\Desktop\–û–±—Ä–∞–∑—Ü—ã\–¢–µ–•\–¢–µ–•-–£–ü_–ì–ª–∞–≤–∞_–†–∞–∑–¥–µ–
ª_–ö–æ–ª–æ–Ω—Ç–∏—Ç—É–ª\section_1.tex
{\cyrillictext \CYRG \cyrl \cyra \cyrv \cyra } 1.
LaTeX Font Info:    Calculating math sizes for size <10.70007> on input line 8.


LaTeX Font Warning: Font shape `OT1/cmr/m/n' in size <7.49> not available
(Font)              size <7> substituted on input line 8.


LaTeX Font Warning: Font shape `OML/cmm/m/it' in size <7.49> not available
(Font)              size <7> substituted on input line 8.


LaTeX Font Warning: Font shape `OMS/cmsy/m/n' in size <7.49> not available
(Font)              size <7> substituted on input line 8.


LaTeX Font Warning: Font shape `U/lasy/m/n' in size <7.49> not available
(Font)              size <7> substituted on input line 8.


LaTeX Font Warning: Font shape `OT1/cmr/bx/n' in size <7.49> not available
(Font)              size <7> substituted on input line 8.


LaTeX Font Warning: Font shape `OML/cmm/b/it' in size <7.49> not available
(Font)              size <7> substituted on input line 8.


LaTeX Font Warning: Font shape `OMS/cmsy/b/n' in size <7.49> not available
(Font)              size <7> substituted on input line 8.

LaTeX Font Info:    Font shape `U/lasy/b/n' in size <7.49> not available
(Font)              Font shape `U/lasy/m/n' tried instead on input line 8.

LaTeX Font Warning: Font shape `U/lasy/m/n' in size <7.49> not available
(Font)              size <7> substituted on input line 8.

LaTeX Font Info:    Font shape `U/lasy/b/n' in size <5.35004> not available
(Font)              Font shape `U/lasy/m/n' tried instead on input line 8.

Underfull \hbox (badness 1365) in paragraph at lines 39--41
[]$\OT1/cmr/m/n/10.95 (\U/msa/m/n/10.70007 O\OT1/cmr/m/n/10.95 )$ \T2A/cmr/m/it
/10.95 ”·Â-‰Ë-ÚÂÒ¸ ‚ ˝Í-‚Ë-‚‡-ÎÂÌÚ-ÌÓ-ÒÚË ÌÂ‡-
 []

[6



]
Underfull \hbox (badness 1622) in paragraph at lines 44--45
[]$\OT1/cmr/m/n/10.95 (\U/msa/m/n/10.70007 O\OT1/cmr/m/n/10.95 )$ \T2A/cmr/m/it
/10.95 œÓ-Í‡-ÊË-ÚÂ, ˜ÚÓ ‰Îˇ Ó-ÚÓ-„Ó-Ì‡Î¸-Ì˚ı
 []


Overfull \vbox (6.1485pt too high) has occurred while \output is active []


[7] <pictures/chapter1_1.jpg, id=99, 379.4175pt x 158.87355pt>
File: pictures/chapter1_1.jpg Graphic file (type jpg)

<use pictures/chapter1_1.jpg>
Package pdftex.def Info: pictures/chapter1_1.jpg used on input line 112.
(pdftex.def)             Requested size: 289.36255pt x 121.16695pt.

Overfull \vbox (6.1485pt too high) has occurred while \output is active []


[8 <C:/Users/User/Desktop/–û–±—Ä–∞–∑—Ü—ã/–¢–µ–•/–¢–µ–•-–£–ü_–ì–ª–∞–≤–∞_–†–∞–∑–¥
–µ–ª_–ö–æ–ª–æ–Ω—Ç–∏—Ç—É–ª/pictures/chapter1_1.jpg>]
Underfull \hbox (badness 2165) in paragraph at lines 125--126
[]\T2A/cmr/m/it/10.95 –‡ÁÛÏÂÂÚÒˇ, ‚Â-˘Â-ÒÚ‚ÂÌ-ÌÓÂ ÔÓ-ÒÚ‡Ì-ÒÚ‚Ó ÔÂ-Â-‚Ó-‰ËÚ-Ò
ˇ ‚
 []

)
Overfull \vbox (6.1485pt too high) has occurred while \output is active []


[9]
(C:\Users\User\Desktop\–û–±—Ä–∞–∑—Ü—ã\–¢–µ–•\–¢–µ–•-–£–ü_–ì–ª–∞–≤–∞_–†–∞–∑–¥–µ–
ª_–ö–æ–ª–æ–Ω—Ç–∏—Ç—É–ª\section_2.tex
{\cyrillictext \CYRG \cyrl \cyra \cyrv \cyra } 2.
[10



]

LaTeX Warning: Reference `scaling:3' on page 11 undefined on input line 53.


Overfull \vbox (6.1485pt too high) has occurred while \output is active []


[11])
Overfull \vbox (6.1485pt too high) has occurred while \output is active []


[12]
(C:\Users\User\Desktop\–û–±—Ä–∞–∑—Ü—ã\–¢–µ–•\–¢–µ–•-–£–ü_–ì–ª–∞–≤–∞_–†–∞–∑–¥–µ–
ª_–ö–æ–ª–æ–Ω—Ç–∏—Ç—É–ª\_close.tex
LaTeX Font Info:    Font shape `U/lasy/b/n' in size <9> not available
(Font)              Font shape `U/lasy/m/n' tried instead on input line 30.
LaTeX Font Info:    Font shape `U/lasy/b/n' in size <6> not available
(Font)              Font shape `U/lasy/m/n' tried instead on input line 30.
)
Package atveryend Info: Empty hook `BeforeClearDocument' on input line 92.
 [13

]
Package atveryend Info: Empty hook `AfterLastShipout' on input line 92.

(C:\Users\User\Desktop\–û–±—Ä–∞–∑—Ü—ã\–¢–µ–•\–¢–µ–•-–£–ü_–ì–ª–∞–≤–∞_–†–∞–∑–¥–µ–
ª_–ö–æ–ª–æ–Ω—Ç–∏—Ç—É–ª\main.aux
(C:\Users\User\Desktop\–û–±—Ä–∞–∑—Ü—ã\–¢–µ–•\–¢–µ–•-–£–ü_–ì–ª–∞–≤–∞_–†–∞–∑–¥–µ–
ª_–ö–æ–ª–æ–Ω—Ç–∏—Ç—É–ª\section_1.aux)
(C:\Users\User\Desktop\–û–±—Ä–∞–∑—Ü—ã\–¢–µ–•\–¢–µ–•-–£–ü_–ì–ª–∞–≤–∞_–†–∞–∑–¥–µ–
ª_–ö–æ–ª–æ–Ω—Ç–∏—Ç—É–ª\section_2.aux))
Package atveryend Info: Executing hook `AtVeryEndDocument' on input line 92.
Package atveryend Info: Executing hook `AtEndAfterFileList' on input line 92.
Package rerunfilecheck Info: File `main.out' has not changed.
(rerunfilecheck)             Checksum: 23929F2F46AB017D0F6184F1C1C9E48C;2136.


LaTeX Font Warning: Size substitutions with differences
(Font)              up to 0.49pt have occurred.


LaTeX Warning: There were undefined references.

Package atveryend Info: Empty hook `AtVeryVeryEnd' on input line 92.
 ) 
Here is how much of TeX's memory you used:
 10464 strings out of 493921
 145933 string characters out of 3144879
 208701 words of memory out of 3000000
 13547 multiletter control sequences out of 15000+200000
 31131 words of font info for 89 fonts, out of 3000000 for 9000
 841 hyphenation exceptions out of 8191
 32i,8n,30p,691b,409s stack positions out of 5000i,500n,10000p,200000b,50000s
 <C:\Users\User\AppData\Local\MiKTeX\2.9\fonts\pk\ljfour\lh\lh-t2a\dpi600\lar
m1200.pk> <C:\Users\User\AppData\Local\MiKTeX\2.9\fonts\pk\ljfour\lh\lh-t2a\dpi
600\labx1095.pk> <C:\Users\User\AppData\Local\MiKTeX\2.9\fonts\pk\ljfour\lh\lh-
t2a\dpi600\lati1095.pk> <C:\Users\User\AppData\Local\MiKTeX\2.9\fonts\pk\ljfour
\lh\lh-t2a\dpi600\larm1095.pk> <C:\Users\User\AppData\Local\MiKTeX\2.9\fonts\pk
\ljfour\lh\lh-t2a\dpi600\larm1440.pk> <C:\Users\User\AppData\Local\MiKTeX\2.9\f
onts\pk\ljfour\lh\lh-t2a\dpi600\labx1200.pk> <C:\Users\User\AppData\Local\MiKTe
X\2.9\fonts\pk\ljfour\lh\lh-t2a\dpi600\lati1000.pk> <C:\Users\User\AppData\Loca
l\MiKTeX\2.9\fonts\pk\ljfour\lh\lh-t2a\dpi600\labx2488.pk> <C:\Users\User\AppDa
ta\Local\MiKTeX\2.9\fonts\pk\ljfour\lh\lh-t2a\dpi600\labx1000.pk> <C:\Users\Use
r\AppData\Local\MiKTeX\2.9\fonts\pk\ljfour\lh\lh-t2a\dpi600\lati0900.pk> <C:\Us
ers\User\AppData\Local\MiKTeX\2.9\fonts\pk\ljfour\lh\lh-t2a\dpi600\larm0900.pk>
 <C:\Users\User\AppData\Local\MiKTeX\2.9\fonts\pk\ljfour\lh\lh-t2a\dpi600\larm1
000.pk> <C:\Users\User\AppData\Local\MiKTeX\2.9\fonts\pk\ljfour\lh\lh-t2a\dpi60
0\lati0800.pk> <C:\Users\User\AppData\Local\MiKTeX\2.9\fonts\pk\ljfour\lh\lh-t2
a\dpi600\labx1440.pk> <C:\Users\User\AppData\Local\MiKTeX\2.9\fonts\pk\ljfour\l
h\lh-t2a\dpi600\larm0800.pk><C:/Program Files (x86)/MiKTeX 2.9/fonts/type1/publ
ic/amsfonts/cm/cmex10.pfb><C:/Program Files (x86)/MiKTeX 2.9/fonts/type1/public
/amsfonts/cm/cmmi10.pfb><C:/Program Files (x86)/MiKTeX 2.9/fonts/type1/public/a
msfonts/cm/cmmi5.pfb><C:/Program Files (x86)/MiKTeX 2.9/fonts/type1/public/amsf
onts/cm/cmmi7.pfb><C:/Program Files (x86)/MiKTeX 2.9/fonts/type1/public/amsfont
s/cm/cmmi9.pfb><C:/Program Files (x86)/MiKTeX 2.9/fonts/type1/public/amsfonts/c
m/cmr10.pfb><C:/Program Files (x86)/MiKTeX 2.9/fonts/type1/public/amsfonts/cm/c
mr5.pfb><C:/Program Files (x86)/MiKTeX 2.9/fonts/type1/public/amsfonts/cm/cmr6.
pfb><C:/Program Files (x86)/MiKTeX 2.9/fonts/type1/public/amsfonts/cm/cmr7.pfb>
<C:/Program Files (x86)/MiKTeX 2.9/fonts/type1/public/amsfonts/cm/cmsy10.pfb><C
:/Program Files (x86)/MiKTeX 2.9/fonts/type1/public/amsfonts/cm/cmsy7.pfb><C:/P
rogram Files (x86)/MiKTeX 2.9/fonts/type1/public/amsfonts/cm/cmsy8.pfb><C:/Prog
ram Files (x86)/MiKTeX 2.9/fonts/type1/public/amsfonts/cm/cmsy9.pfb><C:/Program
 Files (x86)/MiKTeX 2.9/fonts/type1/public/amsfonts/symbols/msam10.pfb>
Output written on main.pdf (13 pages, 884691 bytes).
PDF statistics:
 850 PDF objects out of 1000 (max. 8388607)
 34 named destinations out of 1000 (max. 500000)
 70 words of extra memory for PDF output out of 10000 (max. 10000000)

